[2026-03-27 13:31:10] [INFO] === Daily Update & Publish Started ===
[2026-03-27 13:31:10] [INFO] DryRun: True, SkipGitPush: False
[2026-03-27 13:31:10] [INFO] Step 1: Cleaning up stale files...
[2026-03-27 13:31:10] [INFO] Cleaned up 0 stale files
[2026-03-27 13:31:10] [INFO] Step 2: Reading current price-data.js...
[2026-03-27 13:31:10] [INFO] Current lastUpdated: 2026-03-27
[2026-03-27 13:31:10] [INFO] Step 3: Fetching Aliyun prices...
[2026-03-27 13:31:10] [INFO] Aliyun data validation: Checking model structure...
[2026-03-27 13:31:10] [INFO] Aliyun data validation: PASSED
[2026-03-27 13:31:10] [INFO] Step 4: Updating metadata...
[2026-03-27 13:31:10] [INFO] Data is already up to date for today
[2026-03-27 13:31:10] [INFO] Step 5: Running data validation...
[2026-03-27 13:31:10] [INFO] Data validation: PASSED
[2026-03-27 13:31:10] [INFO] Step 6: Generating latest-changes.json...
[2026-03-27 13:31:10] [INFO] Step 7: Git commit and push...
[2026-03-27 13:31:10] [INFO] Changes detected, committing...
[2026-03-27 13:31:10] [INFO] DryRun: Would commit and push changes
[2026-03-27 13:31:10] [INFO] === Daily Update & Publish Completed ===
[2026-03-27 13:31:10] [INFO] Summary:
[2026-03-27 13:31:10] [INFO]   - Stale files cleaned: 0
[2026-03-27 13:31:10] [INFO]   - Data updated: False
[2026-03-27 13:31:10] [INFO]   - Validation: PASSED
[2026-03-27 13:31:10] [INFO]   - Git push: COMPLETED
[2026-03-27 13:31:10] [INFO] Log file: C:\Users\Mina\.qoderwork\workspace\mmx9zaoqehlqlg3w\outputs\logs\daily-update-2026-03-27.log
