[2026-03-30 10:01:19] [INFO] === Daily Update & Publish Started ===
[2026-03-30 10:01:19] [INFO] DryRun: False, SkipGitPush: False
[2026-03-30 10:01:19] [INFO] Step 1: Monitoring for new model announcements...
[2026-03-30 10:01:19] [INFO] No new dominating models detected
[2026-03-30 10:01:19] [INFO] Step 2: Cleaning up stale files...
[2026-03-30 10:01:19] [INFO] Cleaned up 0 stale files
[2026-03-30 10:01:19] [INFO] Step 3: Reading current price-data.js...
[2026-03-30 10:01:19] [INFO] Current lastUpdated: 2026-03-27
[2026-03-30 10:01:19] [INFO] Step 4: Fetching Aliyun prices...
[2026-03-30 10:01:19] [INFO] Aliyun data validation: Checking model structure...
[2026-03-30 10:01:19] [INFO] Step 5: Fetching Bytedance prices...
[2026-03-30 10:01:19] [WARNING] Bytedance fetch script not found, using baseline
[2026-03-30 10:01:19] [INFO] Aliyun data validation: PASSED
[2026-03-30 10:01:19] [INFO] Bytedance data source: baseline
[2026-03-30 10:01:19] [INFO] Step 6: Updating metadata...
[2026-03-30 10:01:19] [INFO] Updating lastUpdated from 2026-03-27 to 2026-03-30
[2026-03-30 10:01:19] [INFO] Updated price-data.js with new metadata
[2026-03-30 10:01:19] [INFO] Step 7: Running data validation...
[2026-03-30 10:01:19] [INFO] Data validation: PASSED
[2026-03-30 10:01:19] [INFO] Step 8: No performance update needed (no new dominating models)
[2026-03-30 10:01:19] [INFO] Step 9: Generating latest-changes.json...
[2026-03-30 10:01:19] [INFO] Generated latest-changes.json
[2026-03-30 10:01:19] [INFO] Step 10: Git commit and push...
